<?xml version="1.0" encoding="UTF-8"?>
<!-- Generated by org.testng.reporters.JUnitReportReporter -->
<testsuite hostname="LAPTOP-RISHABH" failures="0" tests="1" name="myPackage.BaseClass" time="9.939" errors="0" timestamp="5 Jun 2022 09:42:42 GMT">
  <testcase classname="myPackage.BaseClass" name="beforemethod" time="9.939"/>
</testsuite> <!-- myPackage.BaseClass -->
